New log file opened at Sun May 08 21:32:38 PDT 2016 by 6900@DESKTOP-OIK4474
Sending msg to client play-fork-run-2a2fdb9d-bd47-4fc0-b763-805b96dabf03: DetachedLogEvent(LogMessage(debug,sbt server socket logs are in: C:\Users\biographie\Documents\coding\distilled-feed\.sbtserver\connections\master.log))
Sending msg to client play-fork-run-2a2fdb9d-bd47-4fc0-b763-805b96dabf03: DetachedLogEvent(LogMessage(debug,sbt client logs are in: C:\Users\biographie\Documents\coding\distilled-feed\.sbtserver\connections\play-fork-run-2a2fdb9d-bd47-4fc0-b763-805b96dabf03.log))
Sending msg to client play-fork-run-2a2fdb9d-bd47-4fc0-b763-805b96dabf03: DetachedLogEvent(LogMessage(debug,sbt general server logs are in: C:\Users\biographie\Documents\coding\distilled-feed\.sbtserver\master.log))
Reading next message from client.
Got request: DaemonRequest(true)
Reading next message from client.
Sending msg to client play-fork-run-2a2fdb9d-bd47-4fc0-b763-805b96dabf03: (3,ReceivedResponse())
Got request: ListenToEvents()
Reading next message from client.
Sending msg to client play-fork-run-2a2fdb9d-bd47-4fc0-b763-805b96dabf03: BackgroundJobStarted(5,BackgroundJobInfo(1,backgroundRun,AttributeKey[sbt.BackgroundJobHandle]("backgroundRun") in Scope(Build: file:/C:/Users/biographie/Documents/coding/distilled-feed/, , Project: ProjectReference(file:/C:/Users/biographie/Documents/coding/distilled-feed/,root), Config: compile)))
Sending msg to client play-fork-run-2a2fdb9d-bd47-4fc0-b763-805b96dabf03: (4,ReceivedResponse())
Got request: KeyLookupRequest(root/playForkConfig)
Reading next message from client.
Sending msg to client play-fork-run-2a2fdb9d-bd47-4fc0-b763-805b96dabf03: (5,KeyLookupResponse(root/playForkConfig,Vector(AttributeKey[play.forkrun.protocol.ForkConfig]("playForkConfig") in Scope(Build: file:/C:/Users/biographie/Documents/coding/distilled-feed/, , Project: ProjectReference(file:/C:/Users/biographie/Documents/coding/distilled-feed/,root)))))
Got request: ListenToValue(AttributeKey[play.forkrun.protocol.ForkConfig]("playForkConfig") in Scope(Build: file:/C:/Users/biographie/Documents/coding/distilled-feed/, , Project: ProjectReference(file:/C:/Users/biographie/Documents/coding/distilled-feed/,root)))
Reading next message from client.
Sending msg to client play-fork-run-2a2fdb9d-bd47-4fc0-b763-805b96dabf03: (6,ReceivedResponse())
Got request: KeyExecutionRequest(AttributeKey[play.forkrun.protocol.ForkConfig]("playForkConfig") in Scope(Build: file:/C:/Users/biographie/Documents/coding/distilled-feed/, , Project: ProjectReference(file:/C:/Users/biographie/Documents/coding/distilled-feed/,root)))
Reading next message from client.
Sending msg to client play-fork-run-2a2fdb9d-bd47-4fc0-b763-805b96dabf03: (7,ExecutionRequestReceived(6))
Sending msg to client play-fork-run-2a2fdb9d-bd47-4fc0-b763-805b96dabf03: ExecutionWaiting(6,{file:/C:/Users/biographie/Documents/coding/distilled-feed/}root/*:playForkConfig,ClientInfo(2a2fdb9d-bd47-4fc0-b763-805b96dabf03,play-fork-run,Play Fork Run,1,Vector()))
Sending msg to client play-fork-run-2a2fdb9d-bd47-4fc0-b763-805b96dabf03: ExecutionStarting(6)
Sending msg to client play-fork-run-2a2fdb9d-bd47-4fc0-b763-805b96dabf03: DetachedLogEvent(LogMessage(debug,> {file:/C:/Users/biographie/Documents/coding/distilled-feed/}root/*:playForkConfig))
Sending msg to client play-fork-run-2a2fdb9d-bd47-4fc0-b763-805b96dabf03: DetachedLogEvent(LogMessage(debug,Evaluating tasks: *:playForkConfig))
Sending msg to client play-fork-run-2a2fdb9d-bd47-4fc0-b763-805b96dabf03: DetachedLogEvent(LogMessage(debug,Running task... Cancel: sbt.server.ServerTaskCancellation@410b96aa, check cycles: false))
Sending msg to client play-fork-run-2a2fdb9d-bd47-4fc0-b763-805b96dabf03: DetachedLogEvent(LogMessage(debug,cancel strategy start enabled=true lastCommand=Some(LastCommand(CommandExecutionWork(ExecutionId(6),{file:/C:/Users/biographie/Documents/coding/distilled-feed/}root/*:playForkConfig,Set(LiveClient(play-fork-run 2a2fdb9d-bd47-4fc0-b763-805b96dabf03)),sbt.server.WorkCancellationStatus$$anon$1@7ce9dea2)))))
Sending msg to client play-fork-run-2a2fdb9d-bd47-4fc0-b763-805b96dabf03: TaskStarted(6,311,None)
Sending msg to client play-fork-run-2a2fdb9d-bd47-4fc0-b763-805b96dabf03: TaskStarted(6,313,None)
Sending msg to client play-fork-run-2a2fdb9d-bd47-4fc0-b763-805b96dabf03: TaskStarted(6,319,None)
Sending msg to client play-fork-run-2a2fdb9d-bd47-4fc0-b763-805b96dabf03: TaskStarted(6,323,None)
Sending msg to client play-fork-run-2a2fdb9d-bd47-4fc0-b763-805b96dabf03: TaskStarted(6,325,Some(AttributeKey[boolean]("skip") in Scope(Global)))
Sending msg to client play-fork-run-2a2fdb9d-bd47-4fc0-b763-805b96dabf03: TaskStarted(6,326,Some(AttributeKey[java.lang.String]("updateCacheName") in Scope(Build: file:/C:/Users/biographie/Documents/coding/distilled-feed/, , Project: ProjectReference(file:/C:/Users/biographie/Documents/coding/distilled-feed/,root))))
Sending msg to client play-fork-run-2a2fdb9d-bd47-4fc0-b763-805b96dabf03: TaskStarted(6,328,None)
Sending msg to client play-fork-run-2a2fdb9d-bd47-4fc0-b763-805b96dabf03: TaskStarted(6,329,None)
Sending msg to client play-fork-run-2a2fdb9d-bd47-4fc0-b763-805b96dabf03: TaskStarted(6,334,Some(AttributeKey[scala.collection.Seq[sbt.Resolver]]("externalResolvers") in Scope(Build: file:/C:/Users/biographie/Documents/coding/distilled-feed/, , Project: ProjectReference(file:/C:/Users/biographie/Documents/coding/distilled-feed/,root))))
Sending msg to client play-fork-run-2a2fdb9d-bd47-4fc0-b763-805b96dabf03: TaskStarted(6,338,Some(AttributeKey[scala.Option[scala.collection.Seq[sbt.Resolver]]]("bootResolvers") in Scope(Build: file:/C:/Users/biographie/Documents/coding/distilled-feed/, , Project: ProjectReference(file:/C:/Users/biographie/Documents/coding/distilled-feed/,root))))
Sending msg to client play-fork-run-2a2fdb9d-bd47-4fc0-b763-805b96dabf03: TaskStarted(6,341,Some(AttributeKey[scala.collection.Seq[sbt.Credentials]]("credentials") in Scope(Global)))
Sending msg to client play-fork-run-2a2fdb9d-bd47-4fc0-b763-805b96dabf03: TaskStarted(6,348,None)
Sending msg to client play-fork-run-2a2fdb9d-bd47-4fc0-b763-805b96dabf03: TaskStarted(6,352,Some(AttributeKey[scala.Option[java.lang.String]]("mainClass") in Scope(Build: file:/C:/Users/biographie/Documents/coding/distilled-feed/, , Project: ProjectReference(file:/C:/Users/biographie/Documents/coding/distilled-feed/,root), Config: compile, Task: AttributeKey[void]("run"))))
Sending msg to client play-fork-run-2a2fdb9d-bd47-4fc0-b763-805b96dabf03: TaskStarted(6,356,None)
Sending msg to client play-fork-run-2a2fdb9d-bd47-4fc0-b763-805b96dabf03: TaskStarted(6,358,Some(AttributeKey[scala.collection.Seq[java.lang.String]]("javaOptions") in Scope(Global)))
Sending msg to client play-fork-run-2a2fdb9d-bd47-4fc0-b763-805b96dabf03: TaskStarted(6,359,None)
Sending msg to client play-fork-run-2a2fdb9d-bd47-4fc0-b763-805b96dabf03: TaskStarted(6,361,Some(AttributeKey[scala.Tuple2[java.lang.String,java.io.File]]("playPrefixAndAssets") in Scope(Build: file:/C:/Users/biographie/Documents/coding/distilled-feed/, , Project: ProjectReference(file:/C:/Users/biographie/Documents/coding/distilled-feed/,root))))
Sending msg to client play-fork-run-2a2fdb9d-bd47-4fc0-b763-805b96dabf03: TaskFinished(6,311,None,true,None)
Sending msg to client play-fork-run-2a2fdb9d-bd47-4fc0-b763-805b96dabf03: TaskStarted(6,310,Some(AttributeKey[sbt.BuildStructure]("buildStructure") in Scope(Global)))
Sending msg to client play-fork-run-2a2fdb9d-bd47-4fc0-b763-805b96dabf03: TaskStarted(6,324,Some(AttributeKey[java.io.File]("dependencyCacheDirectory") in Scope(Build: file:/C:/Users/biographie/Documents/coding/distilled-feed/, , Project: ProjectReference(file:/C:/Users/biographie/Documents/coding/distilled-feed/,root))))
Sending msg to client play-fork-run-2a2fdb9d-bd47-4fc0-b763-805b96dabf03: TaskFinished(6,313,None,true,None)
Sending msg to client play-fork-run-2a2fdb9d-bd47-4fc0-b763-805b96dabf03: TaskStarted(6,312,None)
Sending msg to client play-fork-run-2a2fdb9d-bd47-4fc0-b763-805b96dabf03: TaskStarted(6,337,None)
Sending msg to client play-fork-run-2a2fdb9d-bd47-4fc0-b763-805b96dabf03: TaskStarted(6,339,None)
Sending msg to client play-fork-run-2a2fdb9d-bd47-4fc0-b763-805b96dabf03: TaskStarted(6,340,None)
Sending msg to client play-fork-run-2a2fdb9d-bd47-4fc0-b763-805b96dabf03: TaskStarted(6,347,None)
Sending msg to client play-fork-run-2a2fdb9d-bd47-4fc0-b763-805b96dabf03: TaskStarted(6,349,None)
Sending msg to client play-fork-run-2a2fdb9d-bd47-4fc0-b763-805b96dabf03: TaskStarted(6,350,None)
Sending msg to client play-fork-run-2a2fdb9d-bd47-4fc0-b763-805b96dabf03: TaskStarted(6,351,None)
Sending msg to client play-fork-run-2a2fdb9d-bd47-4fc0-b763-805b96dabf03: TaskFinished(6,319,None,true,None)
Sending msg to client play-fork-run-2a2fdb9d-bd47-4fc0-b763-805b96dabf03: TaskFinished(6,323,None,true,None)
Sending msg to client play-fork-run-2a2fdb9d-bd47-4fc0-b763-805b96dabf03: TaskFinished(6,325,Some(AttributeKey[boolean]("skip") in Scope(Global)),true,None)
Sending msg to client play-fork-run-2a2fdb9d-bd47-4fc0-b763-805b96dabf03: TaskFinished(6,326,Some(AttributeKey[java.lang.String]("updateCacheName") in Scope(Build: file:/C:/Users/biographie/Documents/coding/distilled-feed/, , Project: ProjectReference(file:/C:/Users/biographie/Documents/coding/distilled-feed/,root))),true,None)
Sending msg to client play-fork-run-2a2fdb9d-bd47-4fc0-b763-805b96dabf03: TaskFinished(6,328,None,true,None)
Sending msg to client play-fork-run-2a2fdb9d-bd47-4fc0-b763-805b96dabf03: TaskFinished(6,329,None,true,None)
Sending msg to client play-fork-run-2a2fdb9d-bd47-4fc0-b763-805b96dabf03: TaskStarted(6,327,Some(AttributeKey[scala.collection.Seq[sbt.UpdateReport]]("transitiveUpdate") in Scope(Build: file:/C:/Users/biographie/Documents/coding/distilled-feed/, , Project: ProjectReference(file:/C:/Users/biographie/Documents/coding/distilled-feed/,root))))
Sending msg to client play-fork-run-2a2fdb9d-bd47-4fc0-b763-805b96dabf03: TaskFinished(6,334,Some(AttributeKey[scala.collection.Seq[sbt.Resolver]]("externalResolvers") in Scope(Build: file:/C:/Users/biographie/Documents/coding/distilled-feed/, , Project: ProjectReference(file:/C:/Users/biographie/Documents/coding/distilled-feed/,root))),true,None)
Sending msg to client play-fork-run-2a2fdb9d-bd47-4fc0-b763-805b96dabf03: TaskFinished(6,338,Some(AttributeKey[scala.Option[scala.collection.Seq[sbt.Resolver]]]("bootResolvers") in Scope(Build: file:/C:/Users/biographie/Documents/coding/distilled-feed/, , Project: ProjectReference(file:/C:/Users/biographie/Documents/coding/distilled-feed/,root))),true,None)
Sending msg to client play-fork-run-2a2fdb9d-bd47-4fc0-b763-805b96dabf03: TaskFinished(6,341,Some(AttributeKey[scala.collection.Seq[sbt.Credentials]]("credentials") in Scope(Global)),true,None)
Sending msg to client play-fork-run-2a2fdb9d-bd47-4fc0-b763-805b96dabf03: TaskFinished(6,348,None,true,None)
Sending msg to client play-fork-run-2a2fdb9d-bd47-4fc0-b763-805b96dabf03: TaskFinished(6,352,Some(AttributeKey[scala.Option[java.lang.String]]("mainClass") in Scope(Build: file:/C:/Users/biographie/Documents/coding/distilled-feed/, , Project: ProjectReference(file:/C:/Users/biographie/Documents/coding/distilled-feed/,root), Config: compile, Task: AttributeKey[void]("run"))),true,None)
Sending msg to client play-fork-run-2a2fdb9d-bd47-4fc0-b763-805b96dabf03: TaskFinished(6,358,Some(AttributeKey[scala.collection.Seq[java.lang.String]]("javaOptions") in Scope(Global)),true,None)
Sending msg to client play-fork-run-2a2fdb9d-bd47-4fc0-b763-805b96dabf03: TaskFinished(6,359,None,true,None)
Sending msg to client play-fork-run-2a2fdb9d-bd47-4fc0-b763-805b96dabf03: TaskStarted(6,357,Some(AttributeKey[scala.collection.Seq[java.lang.String]]("javaOptions") in Scope(Build: file:/C:/Users/biographie/Documents/coding/distilled-feed/, )))
Sending msg to client play-fork-run-2a2fdb9d-bd47-4fc0-b763-805b96dabf03: TaskFinished(6,310,Some(AttributeKey[sbt.BuildStructure]("buildStructure") in Scope(Global)),true,None)
Sending msg to client play-fork-run-2a2fdb9d-bd47-4fc0-b763-805b96dabf03: TaskStarted(6,309,Some(AttributeKey[sbt.Settings[sbt.Scope]]("settingsData") in Scope(Global)))
Sending msg to client play-fork-run-2a2fdb9d-bd47-4fc0-b763-805b96dabf03: TaskFinished(6,324,Some(AttributeKey[java.io.File]("dependencyCacheDirectory") in Scope(Build: file:/C:/Users/biographie/Documents/coding/distilled-feed/, , Project: ProjectReference(file:/C:/Users/biographie/Documents/coding/distilled-feed/,root))),true,None)
Sending msg to client play-fork-run-2a2fdb9d-bd47-4fc0-b763-805b96dabf03: TaskFinished(6,312,None,true,None)
Sending msg to client play-fork-run-2a2fdb9d-bd47-4fc0-b763-805b96dabf03: TaskFinished(6,337,None,true,None)
Sending msg to client play-fork-run-2a2fdb9d-bd47-4fc0-b763-805b96dabf03: TaskFinished(6,339,None,true,None)
Sending msg to client play-fork-run-2a2fdb9d-bd47-4fc0-b763-805b96dabf03: TaskFinished(6,340,None,true,None)
Sending msg to client play-fork-run-2a2fdb9d-bd47-4fc0-b763-805b96dabf03: TaskFinished(6,347,None,true,None)
Sending msg to client play-fork-run-2a2fdb9d-bd47-4fc0-b763-805b96dabf03: TaskStarted(6,346,Some(AttributeKey[scala.collection.immutable.Map[sbt.ModuleID,sbt.SourcePosition]]("dependencyPositions") in Scope(Build: file:/C:/Users/biographie/Documents/coding/distilled-feed/, , Project: ProjectReference(file:/C:/Users/biographie/Documents/coding/distilled-feed/,root))))
Sending msg to client play-fork-run-2a2fdb9d-bd47-4fc0-b763-805b96dabf03: TaskFinished(6,349,None,true,None)
Sending msg to client play-fork-run-2a2fdb9d-bd47-4fc0-b763-805b96dabf03: TaskFinished(6,350,None,true,None)
Sending msg to client play-fork-run-2a2fdb9d-bd47-4fc0-b763-805b96dabf03: TaskFinished(6,351,None,true,None)
Sending msg to client play-fork-run-2a2fdb9d-bd47-4fc0-b763-805b96dabf03: TaskFinished(6,356,None,true,None)
Sending msg to client play-fork-run-2a2fdb9d-bd47-4fc0-b763-805b96dabf03: TaskFinished(6,361,Some(AttributeKey[scala.Tuple2[java.lang.String,java.io.File]]("playPrefixAndAssets") in Scope(Build: file:/C:/Users/biographie/Documents/coding/distilled-feed/, , Project: ProjectReference(file:/C:/Users/biographie/Documents/coding/distilled-feed/,root))),true,None)
Sending msg to client play-fork-run-2a2fdb9d-bd47-4fc0-b763-805b96dabf03: TaskStarted(6,360,Some(AttributeKey[scala.collection.Seq[scala.Tuple2[java.lang.String,java.io.File]]]("playAllAssets") in Scope(Build: file:/C:/Users/biographie/Documents/coding/distilled-feed/, , Project: ProjectReference(file:/C:/Users/biographie/Documents/coding/distilled-feed/,root))))
Sending msg to client play-fork-run-2a2fdb9d-bd47-4fc0-b763-805b96dabf03: TaskFinished(6,327,Some(AttributeKey[scala.collection.Seq[sbt.UpdateReport]]("transitiveUpdate") in Scope(Build: file:/C:/Users/biographie/Documents/coding/distilled-feed/, , Project: ProjectReference(file:/C:/Users/biographie/Documents/coding/distilled-feed/,root))),true,None)
Sending msg to client play-fork-run-2a2fdb9d-bd47-4fc0-b763-805b96dabf03: TaskFinished(6,357,Some(AttributeKey[scala.collection.Seq[java.lang.String]]("javaOptions") in Scope(Build: file:/C:/Users/biographie/Documents/coding/distilled-feed/, )),true,None)
Sending msg to client play-fork-run-2a2fdb9d-bd47-4fc0-b763-805b96dabf03: TaskFinished(6,309,Some(AttributeKey[sbt.Settings[sbt.Scope]]("settingsData") in Scope(Global)),true,None)
Sending msg to client play-fork-run-2a2fdb9d-bd47-4fc0-b763-805b96dabf03: TaskStarted(6,308,None)
Sending msg to client play-fork-run-2a2fdb9d-bd47-4fc0-b763-805b96dabf03: TaskStarted(6,322,None)
Sending msg to client play-fork-run-2a2fdb9d-bd47-4fc0-b763-805b96dabf03: TaskStarted(6,336,Some(AttributeKey[scala.collection.immutable.Map[org.apache.ivy.core.module.id.ModuleRevisionId,org.apache.ivy.core.module.descriptor.ModuleDescriptor]]("projectDescriptors") in Scope(Build: file:/C:/Users/biographie/Documents/coding/distilled-feed/, , Project: ProjectReference(file:/C:/Users/biographie/Documents/coding/distilled-feed/,root))))
Sending msg to client play-fork-run-2a2fdb9d-bd47-4fc0-b763-805b96dabf03: TaskStarted(6,344,Some(AttributeKey[scala.collection.Seq[sbt.ModuleID]]("projectDependencies") in Scope(Build: file:/C:/Users/biographie/Documents/coding/distilled-feed/, , Project: ProjectReference(file:/C:/Users/biographie/Documents/coding/distilled-feed/,root))))
Sending msg to client play-fork-run-2a2fdb9d-bd47-4fc0-b763-805b96dabf03: TaskStarted(6,355,Some(AttributeKey[scala.collection.Seq[java.io.File]]("playMonitoredFiles") in Scope(Build: file:/C:/Users/biographie/Documents/coding/distilled-feed/, , Project: ProjectReference(file:/C:/Users/biographie/Documents/coding/distilled-feed/,root))))
Sending msg to client play-fork-run-2a2fdb9d-bd47-4fc0-b763-805b96dabf03: TaskFinished(6,346,Some(AttributeKey[scala.collection.immutable.Map[sbt.ModuleID,sbt.SourcePosition]]("dependencyPositions") in Scope(Build: file:/C:/Users/biographie/Documents/coding/distilled-feed/, , Project: ProjectReference(file:/C:/Users/biographie/Documents/coding/distilled-feed/,root))),true,None)
Sending msg to client play-fork-run-2a2fdb9d-bd47-4fc0-b763-805b96dabf03: TaskStarted(6,345,Some(AttributeKey[sbt.UnresolvedWarningConfiguration]("unresolvedWarningConfiguration") in Scope(Build: file:/C:/Users/biographie/Documents/coding/distilled-feed/, , Project: ProjectReference(file:/C:/Users/biographie/Documents/coding/distilled-feed/,root), Task: AttributeKey[sbt.UpdateReport]("update"))))
Sending msg to client play-fork-run-2a2fdb9d-bd47-4fc0-b763-805b96dabf03: TaskFinished(6,360,Some(AttributeKey[scala.collection.Seq[scala.Tuple2[java.lang.String,java.io.File]]]("playAllAssets") in Scope(Build: file:/C:/Users/biographie/Documents/coding/distilled-feed/, , Project: ProjectReference(file:/C:/Users/biographie/Documents/coding/distilled-feed/,root))),true,None)
Sending msg to client play-fork-run-2a2fdb9d-bd47-4fc0-b763-805b96dabf03: TaskStarted(6,365,None)
Sending msg to client play-fork-run-2a2fdb9d-bd47-4fc0-b763-805b96dabf03: TaskStarted(6,366,None)
Sending msg to client play-fork-run-2a2fdb9d-bd47-4fc0-b763-805b96dabf03: TaskStarted(6,369,None)
Sending msg to client play-fork-run-2a2fdb9d-bd47-4fc0-b763-805b96dabf03: TaskStarted(6,371,None)
Sending msg to client play-fork-run-2a2fdb9d-bd47-4fc0-b763-805b96dabf03: TaskStarted(6,372,None)
Sending msg to client play-fork-run-2a2fdb9d-bd47-4fc0-b763-805b96dabf03: TaskStarted(6,373,None)
Sending msg to client play-fork-run-2a2fdb9d-bd47-4fc0-b763-805b96dabf03: TaskStarted(6,375,None)
Sending msg to client play-fork-run-2a2fdb9d-bd47-4fc0-b763-805b96dabf03: TaskFinished(6,344,Some(AttributeKey[scala.collection.Seq[sbt.ModuleID]]("projectDependencies") in Scope(Build: file:/C:/Users/biographie/Documents/coding/distilled-feed/, , Project: ProjectReference(file:/C:/Users/biographie/Documents/coding/distilled-feed/,root))),true,None)
Sending msg to client play-fork-run-2a2fdb9d-bd47-4fc0-b763-805b96dabf03: TaskStarted(6,343,Some(AttributeKey[scala.collection.Seq[sbt.ModuleID]]("allDependencies") in Scope(Build: file:/C:/Users/biographie/Documents/coding/distilled-feed/, , Project: ProjectReference(file:/C:/Users/biographie/Documents/coding/distilled-feed/,root))))
Sending msg to client play-fork-run-2a2fdb9d-bd47-4fc0-b763-805b96dabf03: TaskStarted(6,376,None)
Sending msg to client play-fork-run-2a2fdb9d-bd47-4fc0-b763-805b96dabf03: TaskFinished(6,345,Some(AttributeKey[sbt.UnresolvedWarningConfiguration]("unresolvedWarningConfiguration") in Scope(Build: file:/C:/Users/biographie/Documents/coding/distilled-feed/, , Project: ProjectReference(file:/C:/Users/biographie/Documents/coding/distilled-feed/,root), Task: AttributeKey[sbt.UpdateReport]("update"))),true,None)
Sending msg to client play-fork-run-2a2fdb9d-bd47-4fc0-b763-805b96dabf03: TaskFinished(6,369,None,true,None)
Sending msg to client play-fork-run-2a2fdb9d-bd47-4fc0-b763-805b96dabf03: TaskStarted(6,368,None)
Sending msg to client play-fork-run-2a2fdb9d-bd47-4fc0-b763-805b96dabf03: TaskFinished(6,371,None,true,None)
Sending msg to client play-fork-run-2a2fdb9d-bd47-4fc0-b763-805b96dabf03: TaskFinished(6,365,None,true,None)
Sending msg to client play-fork-run-2a2fdb9d-bd47-4fc0-b763-805b96dabf03: TaskFinished(6,372,None,true,None)
Sending msg to client play-fork-run-2a2fdb9d-bd47-4fc0-b763-805b96dabf03: TaskStarted(6,370,Some(AttributeKey[scala.collection.Seq[sbt.Attributed[java.io.File]]]("unmanagedJars") in Scope(Build: file:/C:/Users/biographie/Documents/coding/distilled-feed/, , Project: ProjectReference(file:/C:/Users/biographie/Documents/coding/distilled-feed/,root), Config: compile)))
Sending msg to client play-fork-run-2a2fdb9d-bd47-4fc0-b763-805b96dabf03: TaskFinished(6,366,None,true,None)
Sending msg to client play-fork-run-2a2fdb9d-bd47-4fc0-b763-805b96dabf03: TaskStarted(6,364,Some(AttributeKey[scala.collection.Seq[sbt.Attributed[java.io.File]]]("unmanagedJars") in Scope(Build: file:/C:/Users/biographie/Documents/coding/distilled-feed/, , Project: ProjectReference(file:/C:/Users/biographie/Documents/coding/distilled-feed/,root), Config: runtime)))
Sending msg to client play-fork-run-2a2fdb9d-bd47-4fc0-b763-805b96dabf03: TaskFinished(6,373,None,true,None)
Sending msg to client play-fork-run-2a2fdb9d-bd47-4fc0-b763-805b96dabf03: TaskFinished(6,322,None,true,None)
Sending msg to client play-fork-run-2a2fdb9d-bd47-4fc0-b763-805b96dabf03: TaskFinished(6,375,None,true,None)
Sending msg to client play-fork-run-2a2fdb9d-bd47-4fc0-b763-805b96dabf03: TaskStarted(6,374,None)
Sending msg to client play-fork-run-2a2fdb9d-bd47-4fc0-b763-805b96dabf03: TaskFinished(6,343,Some(AttributeKey[scala.collection.Seq[sbt.ModuleID]]("allDependencies") in Scope(Build: file:/C:/Users/biographie/Documents/coding/distilled-feed/, , Project: ProjectReference(file:/C:/Users/biographie/Documents/coding/distilled-feed/,root))),true,None)
Sending msg to client play-fork-run-2a2fdb9d-bd47-4fc0-b763-805b96dabf03: TaskStarted(6,342,Some(AttributeKey[sbt.ModuleSettings]("moduleSettings") in Scope(Build: file:/C:/Users/biographie/Documents/coding/distilled-feed/, , Project: ProjectReference(file:/C:/Users/biographie/Documents/coding/distilled-feed/,root))))
Sending msg to client play-fork-run-2a2fdb9d-bd47-4fc0-b763-805b96dabf03: TaskFinished(6,370,Some(AttributeKey[scala.collection.Seq[sbt.Attributed[java.io.File]]]("unmanagedJars") in Scope(Build: file:/C:/Users/biographie/Documents/coding/distilled-feed/, , Project: ProjectReference(file:/C:/Users/biographie/Documents/coding/distilled-feed/,root), Config: compile)),true,None)
Sending msg to client play-fork-run-2a2fdb9d-bd47-4fc0-b763-805b96dabf03: TaskFinished(6,376,None,true,None)
Sending msg to client play-fork-run-2a2fdb9d-bd47-4fc0-b763-805b96dabf03: TaskFinished(6,355,Some(AttributeKey[scala.collection.Seq[java.io.File]]("playMonitoredFiles") in Scope(Build: file:/C:/Users/biographie/Documents/coding/distilled-feed/, , Project: ProjectReference(file:/C:/Users/biographie/Documents/coding/distilled-feed/,root))),true,None)
Sending msg to client play-fork-run-2a2fdb9d-bd47-4fc0-b763-805b96dabf03: TaskFinished(6,374,None,true,None)
Sending msg to client play-fork-run-2a2fdb9d-bd47-4fc0-b763-805b96dabf03: TaskFinished(6,336,Some(AttributeKey[scala.collection.immutable.Map[org.apache.ivy.core.module.id.ModuleRevisionId,org.apache.ivy.core.module.descriptor.ModuleDescriptor]]("projectDescriptors") in Scope(Build: file:/C:/Users/biographie/Documents/coding/distilled-feed/, , Project: ProjectReference(file:/C:/Users/biographie/Documents/coding/distilled-feed/,root))),true,None)
Sending msg to client play-fork-run-2a2fdb9d-bd47-4fc0-b763-805b96dabf03: TaskStarted(6,335,Some(AttributeKey[sbt.Resolver]("projectResolver") in Scope(Build: file:/C:/Users/biographie/Documents/coding/distilled-feed/, , Project: ProjectReference(file:/C:/Users/biographie/Documents/coding/distilled-feed/,root))))
Sending msg to client play-fork-run-2a2fdb9d-bd47-4fc0-b763-805b96dabf03: TaskFinished(6,342,Some(AttributeKey[sbt.ModuleSettings]("moduleSettings") in Scope(Build: file:/C:/Users/biographie/Documents/coding/distilled-feed/, , Project: ProjectReference(file:/C:/Users/biographie/Documents/coding/distilled-feed/,root))),true,None)
Sending msg to client play-fork-run-2a2fdb9d-bd47-4fc0-b763-805b96dabf03: TaskStarted(6,377,None)
Sending msg to client play-fork-run-2a2fdb9d-bd47-4fc0-b763-805b96dabf03: TaskFinished(6,335,Some(AttributeKey[sbt.Resolver]("projectResolver") in Scope(Build: file:/C:/Users/biographie/Documents/coding/distilled-feed/, , Project: ProjectReference(file:/C:/Users/biographie/Documents/coding/distilled-feed/,root))),true,None)
Sending msg to client play-fork-run-2a2fdb9d-bd47-4fc0-b763-805b96dabf03: TaskStarted(6,333,Some(AttributeKey[scala.collection.Seq[sbt.Resolver]]("fullResolvers") in Scope(Build: file:/C:/Users/biographie/Documents/coding/distilled-feed/, , Project: ProjectReference(file:/C:/Users/biographie/Documents/coding/distilled-feed/,root))))
Sending msg to client play-fork-run-2a2fdb9d-bd47-4fc0-b763-805b96dabf03: TaskFinished(6,377,None,true,None)
Sending msg to client play-fork-run-2a2fdb9d-bd47-4fc0-b763-805b96dabf03: TaskFinished(6,368,None,true,None)
Sending msg to client play-fork-run-2a2fdb9d-bd47-4fc0-b763-805b96dabf03: TaskStarted(6,367,Some(AttributeKey[scala.collection.Seq[sbt.Attributed[java.io.File]]]("unmanagedJars") in Scope(Build: file:/C:/Users/biographie/Documents/coding/distilled-feed/, , Project: ProjectReference(file:/C:/Users/biographie/Documents/coding/distilled-feed/,root), Config: compile)))
Sending msg to client play-fork-run-2a2fdb9d-bd47-4fc0-b763-805b96dabf03: TaskFinished(6,333,Some(AttributeKey[scala.collection.Seq[sbt.Resolver]]("fullResolvers") in Scope(Build: file:/C:/Users/biographie/Documents/coding/distilled-feed/, , Project: ProjectReference(file:/C:/Users/biographie/Documents/coding/distilled-feed/,root))),true,None)
Sending msg to client play-fork-run-2a2fdb9d-bd47-4fc0-b763-805b96dabf03: TaskStarted(6,332,Some(AttributeKey[sbt.IvyConfiguration]("ivyConfiguration") in Scope(Build: file:/C:/Users/biographie/Documents/coding/distilled-feed/, , Project: ProjectReference(file:/C:/Users/biographie/Documents/coding/distilled-feed/,root))))
Sending msg to client play-fork-run-2a2fdb9d-bd47-4fc0-b763-805b96dabf03: TaskFinished(6,332,Some(AttributeKey[sbt.IvyConfiguration]("ivyConfiguration") in Scope(Build: file:/C:/Users/biographie/Documents/coding/distilled-feed/, , Project: ProjectReference(file:/C:/Users/biographie/Documents/coding/distilled-feed/,root))),true,None)
Sending msg to client play-fork-run-2a2fdb9d-bd47-4fc0-b763-805b96dabf03: TaskStarted(6,331,Some(AttributeKey[sbt.IvySbt]("ivySbt") in Scope(Build: file:/C:/Users/biographie/Documents/coding/distilled-feed/, , Project: ProjectReference(file:/C:/Users/biographie/Documents/coding/distilled-feed/,root))))
Sending msg to client play-fork-run-2a2fdb9d-bd47-4fc0-b763-805b96dabf03: TaskFinished(6,367,Some(AttributeKey[scala.collection.Seq[sbt.Attributed[java.io.File]]]("unmanagedJars") in Scope(Build: file:/C:/Users/biographie/Documents/coding/distilled-feed/, , Project: ProjectReference(file:/C:/Users/biographie/Documents/coding/distilled-feed/,root), Config: compile)),true,None)
Sending msg to client play-fork-run-2a2fdb9d-bd47-4fc0-b763-805b96dabf03: TaskFinished(6,364,Some(AttributeKey[scala.collection.Seq[sbt.Attributed[java.io.File]]]("unmanagedJars") in Scope(Build: file:/C:/Users/biographie/Documents/coding/distilled-feed/, , Project: ProjectReference(file:/C:/Users/biographie/Documents/coding/distilled-feed/,root), Config: runtime)),true,None)
Sending msg to client play-fork-run-2a2fdb9d-bd47-4fc0-b763-805b96dabf03: TaskStarted(6,363,None)
Sending msg to client play-fork-run-2a2fdb9d-bd47-4fc0-b763-805b96dabf03: TaskFinished(6,331,Some(AttributeKey[sbt.IvySbt]("ivySbt") in Scope(Build: file:/C:/Users/biographie/Documents/coding/distilled-feed/, , Project: ProjectReference(file:/C:/Users/biographie/Documents/coding/distilled-feed/,root))),true,None)
Sending msg to client play-fork-run-2a2fdb9d-bd47-4fc0-b763-805b96dabf03: TaskStarted(6,330,Some(AttributeKey[sbt.IvySbt$Module]("ivyModule") in Scope(Build: file:/C:/Users/biographie/Documents/coding/distilled-feed/, , Project: ProjectReference(file:/C:/Users/biographie/Documents/coding/distilled-feed/,root))))
Sending msg to client play-fork-run-2a2fdb9d-bd47-4fc0-b763-805b96dabf03: TaskFinished(6,363,None,true,None)
Sending msg to client play-fork-run-2a2fdb9d-bd47-4fc0-b763-805b96dabf03: TaskStarted(6,362,None)
Sending msg to client play-fork-run-2a2fdb9d-bd47-4fc0-b763-805b96dabf03: TaskFinished(6,330,Some(AttributeKey[sbt.IvySbt$Module]("ivyModule") in Scope(Build: file:/C:/Users/biographie/Documents/coding/distilled-feed/, , Project: ProjectReference(file:/C:/Users/biographie/Documents/coding/distilled-feed/,root))),true,None)
Sending msg to client play-fork-run-2a2fdb9d-bd47-4fc0-b763-805b96dabf03: TaskStarted(6,321,Some(AttributeKey[sbt.UpdateReport]("update") in Scope(Build: file:/C:/Users/biographie/Documents/coding/distilled-feed/, , Project: ProjectReference(file:/C:/Users/biographie/Documents/coding/distilled-feed/,root))))
Sending msg to client play-fork-run-2a2fdb9d-bd47-4fc0-b763-805b96dabf03: TaskFinished(6,362,None,true,None)
Sending msg to client play-fork-run-2a2fdb9d-bd47-4fc0-b763-805b96dabf03: TaskFinished(6,308,None,true,None)
Sending msg to client play-fork-run-2a2fdb9d-bd47-4fc0-b763-805b96dabf03: TaskStarted(6,307,Some(AttributeKey[scala.collection.Seq[sbt.Attributed[java.io.File]]]("unmanagedClasspath") in Scope(Build: file:/C:/Users/biographie/Documents/coding/distilled-feed/, , Project: ProjectReference(file:/C:/Users/biographie/Documents/coding/distilled-feed/,root), Config: runtime)))
Sending msg to client play-fork-run-2a2fdb9d-bd47-4fc0-b763-805b96dabf03: TaskFinished(6,307,Some(AttributeKey[scala.collection.Seq[sbt.Attributed[java.io.File]]]("unmanagedClasspath") in Scope(Build: file:/C:/Users/biographie/Documents/coding/distilled-feed/, , Project: ProjectReference(file:/C:/Users/biographie/Documents/coding/distilled-feed/,root), Config: runtime)),true,None)
Sending msg to client play-fork-run-2a2fdb9d-bd47-4fc0-b763-805b96dabf03: TaskFinished(6,321,Some(AttributeKey[sbt.UpdateReport]("update") in Scope(Build: file:/C:/Users/biographie/Documents/coding/distilled-feed/, , Project: ProjectReference(file:/C:/Users/biographie/Documents/coding/distilled-feed/,root))),true,None)
Sending msg to client play-fork-run-2a2fdb9d-bd47-4fc0-b763-805b96dabf03: TaskStarted(6,320,Some(AttributeKey[sbt.UpdateReport]("update") in Scope(Build: file:/C:/Users/biographie/Documents/coding/distilled-feed/, , Project: ProjectReference(file:/C:/Users/biographie/Documents/coding/distilled-feed/,root))))
Sending msg to client play-fork-run-2a2fdb9d-bd47-4fc0-b763-805b96dabf03: TaskFinished(6,320,Some(AttributeKey[sbt.UpdateReport]("update") in Scope(Build: file:/C:/Users/biographie/Documents/coding/distilled-feed/, , Project: ProjectReference(file:/C:/Users/biographie/Documents/coding/distilled-feed/,root))),true,None)
Sending msg to client play-fork-run-2a2fdb9d-bd47-4fc0-b763-805b96dabf03: TaskStarted(6,318,Some(AttributeKey[sbt.Configuration]("classpathConfiguration") in Scope(Build: file:/C:/Users/biographie/Documents/coding/distilled-feed/, , Project: ProjectReference(file:/C:/Users/biographie/Documents/coding/distilled-feed/,root), Config: compile)))
Sending msg to client play-fork-run-2a2fdb9d-bd47-4fc0-b763-805b96dabf03: TaskStarted(6,354,Some(AttributeKey[scala.collection.Seq[sbt.Attributed[java.io.File]]]("managedClasspath") in Scope(Build: file:/C:/Users/biographie/Documents/coding/distilled-feed/, , Project: ProjectReference(file:/C:/Users/biographie/Documents/coding/distilled-feed/,root), Config: docs)))
Sending msg to client play-fork-run-2a2fdb9d-bd47-4fc0-b763-805b96dabf03: TaskFinished(6,318,Some(AttributeKey[sbt.Configuration]("classpathConfiguration") in Scope(Build: file:/C:/Users/biographie/Documents/coding/distilled-feed/, , Project: ProjectReference(file:/C:/Users/biographie/Documents/coding/distilled-feed/,root), Config: compile)),true,None)
Sending msg to client play-fork-run-2a2fdb9d-bd47-4fc0-b763-805b96dabf03: TaskStarted(6,317,None)
Sending msg to client play-fork-run-2a2fdb9d-bd47-4fc0-b763-805b96dabf03: TaskFinished(6,354,Some(AttributeKey[scala.collection.Seq[sbt.Attributed[java.io.File]]]("managedClasspath") in Scope(Build: file:/C:/Users/biographie/Documents/coding/distilled-feed/, , Project: ProjectReference(file:/C:/Users/biographie/Documents/coding/distilled-feed/,root), Config: docs)),true,None)
Sending msg to client play-fork-run-2a2fdb9d-bd47-4fc0-b763-805b96dabf03: TaskStarted(6,353,Some(AttributeKey[scala.Option[java.io.File]]("playDocsJar") in Scope(Build: file:/C:/Users/biographie/Documents/coding/distilled-feed/, , Project: ProjectReference(file:/C:/Users/biographie/Documents/coding/distilled-feed/,root))))
Sending msg to client play-fork-run-2a2fdb9d-bd47-4fc0-b763-805b96dabf03: TaskFinished(6,317,None,true,None)
Sending msg to client play-fork-run-2a2fdb9d-bd47-4fc0-b763-805b96dabf03: TaskStarted(6,316,Some(AttributeKey[sbt.Configuration]("classpathConfiguration") in Scope(Build: file:/C:/Users/biographie/Documents/coding/distilled-feed/, , Project: ProjectReference(file:/C:/Users/biographie/Documents/coding/distilled-feed/,root), Config: runtime)))
Sending msg to client play-fork-run-2a2fdb9d-bd47-4fc0-b763-805b96dabf03: TaskFinished(6,353,Some(AttributeKey[scala.Option[java.io.File]]("playDocsJar") in Scope(Build: file:/C:/Users/biographie/Documents/coding/distilled-feed/, , Project: ProjectReference(file:/C:/Users/biographie/Documents/coding/distilled-feed/,root))),true,None)
Sending msg to client play-fork-run-2a2fdb9d-bd47-4fc0-b763-805b96dabf03: TaskFinished(6,316,Some(AttributeKey[sbt.Configuration]("classpathConfiguration") in Scope(Build: file:/C:/Users/biographie/Documents/coding/distilled-feed/, , Project: ProjectReference(file:/C:/Users/biographie/Documents/coding/distilled-feed/,root), Config: runtime)),true,None)
Sending msg to client play-fork-run-2a2fdb9d-bd47-4fc0-b763-805b96dabf03: TaskStarted(6,315,None)
Sending msg to client play-fork-run-2a2fdb9d-bd47-4fc0-b763-805b96dabf03: TaskFinished(6,315,None,true,None)
Sending msg to client play-fork-run-2a2fdb9d-bd47-4fc0-b763-805b96dabf03: TaskStarted(6,314,Some(AttributeKey[scala.collection.Seq[sbt.Attributed[java.io.File]]]("managedClasspath") in Scope(Build: file:/C:/Users/biographie/Documents/coding/distilled-feed/, , Project: ProjectReference(file:/C:/Users/biographie/Documents/coding/distilled-feed/,root), Config: runtime)))
Sending msg to client play-fork-run-2a2fdb9d-bd47-4fc0-b763-805b96dabf03: TaskFinished(6,314,Some(AttributeKey[scala.collection.Seq[sbt.Attributed[java.io.File]]]("managedClasspath") in Scope(Build: file:/C:/Users/biographie/Documents/coding/distilled-feed/, , Project: ProjectReference(file:/C:/Users/biographie/Documents/coding/distilled-feed/,root), Config: runtime)),true,None)
Sending msg to client play-fork-run-2a2fdb9d-bd47-4fc0-b763-805b96dabf03: TaskStarted(6,306,None)
Sending msg to client play-fork-run-2a2fdb9d-bd47-4fc0-b763-805b96dabf03: TaskFinished(6,306,None,true,None)
Sending msg to client play-fork-run-2a2fdb9d-bd47-4fc0-b763-805b96dabf03: TaskStarted(6,305,Some(AttributeKey[scala.collection.Seq[sbt.Attributed[java.io.File]]]("playDependencyClasspath") in Scope(Build: file:/C:/Users/biographie/Documents/coding/distilled-feed/, , Project: ProjectReference(file:/C:/Users/biographie/Documents/coding/distilled-feed/,root))))
Sending msg to client play-fork-run-2a2fdb9d-bd47-4fc0-b763-805b96dabf03: TaskFinished(6,305,Some(AttributeKey[scala.collection.Seq[sbt.Attributed[java.io.File]]]("playDependencyClasspath") in Scope(Build: file:/C:/Users/biographie/Documents/coding/distilled-feed/, , Project: ProjectReference(file:/C:/Users/biographie/Documents/coding/distilled-feed/,root))),true,None)
Sending msg to client play-fork-run-2a2fdb9d-bd47-4fc0-b763-805b96dabf03: TaskStarted(6,304,Some(AttributeKey[play.forkrun.protocol.ForkConfig]("playForkConfig") in Scope(Build: file:/C:/Users/biographie/Documents/coding/distilled-feed/, , Project: ProjectReference(file:/C:/Users/biographie/Documents/coding/distilled-feed/,root))))
Sending msg to client play-fork-run-2a2fdb9d-bd47-4fc0-b763-805b96dabf03: TaskFinished(6,304,Some(AttributeKey[play.forkrun.protocol.ForkConfig]("playForkConfig") in Scope(Build: file:/C:/Users/biographie/Documents/coding/distilled-feed/, , Project: ProjectReference(file:/C:/Users/biographie/Documents/coding/distilled-feed/,root))),true,None)
Sending msg to client play-fork-run-2a2fdb9d-bd47-4fc0-b763-805b96dabf03: ValueChanged(AttributeKey[play.forkrun.protocol.ForkConfig]("playForkConfig") in Scope(Build: file:/C:/Users/biographie/Documents/coding/distilled-feed/, , Project: ProjectReference(file:/C:/Users/biographie/Documents/coding/distilled-feed/,root)),TaskSuccess(BuildValue(LazyValue(ForkConfig(C:\Users\biographie\Documents\coding\distilled-feed,List(-Djna.nosys=true),List(C:\activator-dist-1.3.10\repository\org.scala-lang\scala-library\2.11.7\jars\scala-library.jar, C:\activator-dist-1.3.10\repository\com.typesafe.play\twirl-api_2.11\1.1.1\jars\twirl-api_2.11.jar, C:\activator-dist-1.3.10\repository\org.apache.commons\commons-lang3\3.4\jars\commons-lang3.jar, C:\Users\biographie\.ivy2\cache\org.scala-lang.modules\scala-xml_2.11\bundles\scala-xml_2.11-1.0.1.jar, C:\Users\biographie\.ivy2\cache\com.typesafe.play\play-server_2.11\jars\play-server_2.11-2.5.3.jar, C:\Users\biographie\.ivy2\cache\com.typesafe.play\play_2.11\jars\play_2.11-2.5.3.jar, C:\Users\biographie\.ivy2\cache\com.typesafe.play\build-link\jars\build-link-2.5.3.jar, C:\Users\biographie\.ivy2\cache\com.typesafe.play\play-exceptions\jars\play-exceptions-2.5.3.jar, C:\Users\biographie\.ivy2\cache\com.typesafe.play\play-iteratees_2.11\jars\play-iteratees_2.11-2.5.3.jar, C:\Users\biographie\.ivy2\cache\org.scala-stm\scala-stm_2.11\jars\scala-stm_2.11-0.7.jar, C:\activator-dist-1.3.10\repository\com.typesafe\config\1.3.0\bundles\config.jar, C:\Users\biographie\.ivy2\cache\com.typesafe.play\play-json_2.11\jars\play-json_2.11-2.5.3.jar, C:\Users\biographie\.ivy2\cache\com.typesafe.play\play-functional_2.11\jars\play-functional_2.11-2.5.3.jar, C:\Users\biographie\.ivy2\cache\com.typesafe.play\play-datacommons_2.11\jars\play-datacommons_2.11-2.5.3.jar, C:\activator-dist-1.3.10\repository\joda-time\joda-time\2.9.2\jars\joda-time.jar, C:\activator-dist-1.3.10\repository\org.joda\joda-convert\1.8.1\jars\joda-convert.jar, C:\activator-dist-1.3.10\repository\org.scala-lang\scala-reflect\2.11.7\jars\scala-reflect.jar, C:\activator-dist-1.3.10\repository\com.fasterxml.jackson.core\jackson-core\2.7.1\bundles\jackson-core.jar, C:\activator-dist-1.3.10\repository\com.fasterxml.jackson.core\jackson-annotations\2.7.1\bundles\jackson-annotations.jar, C:\activator-dist-1.3.10\repository\com.fasterxml.jackson.core\jackson-databind\2.7.1\bundles\jackson-databind.jar, C:\activator-dist-1.3.10\repository\com.fasterxml.jackson.datatype\jackson-datatype-jdk8\2.7.1\bundles\jackson-datatype-jdk8.jar, C:\activator-dist-1.3.10\repository\com.fasterxml.jackson.datatype\jackson-datatype-jsr310\2.7.1\bundles\jackson-datatype-jsr310.jar, C:\Users\biographie\.ivy2\cache\com.typesafe.play\play-netty-utils\jars\play-netty-utils-2.5.3.jar, C:\activator-dist-1.3.10\repository\org.slf4j\jul-to-slf4j\1.7.16\jars\jul-to-slf4j.jar, C:\activator-dist-1.3.10\repository\org.slf4j\jcl-over-slf4j\1.7.16\jars\jcl-over-slf4j.jar, C:\Users\biographie\.ivy2\cache\com.typesafe.play\play-streams_2.11\jars\play-streams_2.11-2.5.3.jar, C:\activator-dist-1.3.10\repository\org.reactivestreams\reactive-streams\1.0.0\jars\reactive-streams.jar, C:\Users\biographie\.ivy2\cache\com.typesafe.akka\akka-stream_2.11\jars\akka-stream_2.11-2.4.4.jar, C:\Users\biographie\.ivy2\cache\com.typesafe.akka\akka-actor_2.11\jars\akka-actor_2.11-2.4.4.jar, C:\activator-dist-1.3.10\repository\org.scala-lang.modules\scala-java8-compat_2.11\0.7.0\bundles\scala-java8-compat_2.11.jar, C:\Users\biographie\.ivy2\cache\com.typesafe\ssl-config-akka_2.11\bundles\ssl-config-akka_2.11-0.2.1.jar, C:\Users\biographie\.ivy2\cache\com.typesafe\ssl-config-core_2.11\bundles\ssl-config-core_2.11-0.2.1.jar, C:\Users\biographie\.ivy2\cache\org.scala-lang.modules\scala-parser-combinators_2.11\bundles\scala-parser-combinators_2.11-1.0.4.jar, C:\Users\biographie\.ivy2\cache\com.typesafe.akka\akka-slf4j_2.11\jars\akka-slf4j_2.11-2.4.4.jar, C:\activator-dist-1.3.10\repository\commons-codec\commons-codec\1.10\jars\commons-codec.jar, C:\Users\biographie\.ivy2\cache\xerces\xercesImpl\jars\xercesImpl-2.11.0.jar, C:\Users\biographie\.ivy2\cache\xml-apis\xml-apis\jars\xml-apis-1.4.01.jar, C:\Users\biographie\.ivy2\cache\javax.transaction\jta\jars\jta-1.1.jar, C:\activator-dist-1.3.10\repository\com.google.inject\guice\4.0\jars\guice.jar, C:\activator-dist-1.3.10\repository\javax.inject\javax.inject\1\jars\javax.inject.jar, C:\activator-dist-1.3.10\repository\aopalliance\aopalliance\1.0\jars\aopalliance.jar, C:\activator-dist-1.3.10\repository\com.google.inject.extensions\guice-assistedinject\4.0\jars\guice-assistedinject.jar, C:\Users\biographie\.ivy2\cache\com.typesafe.play\play-netty-server_2.11\jars\play-netty-server_2.11-2.5.3.jar, C:\activator-dist-1.3.10\repository\com.typesafe.netty\netty-reactive-streams-http\1.0.5\jars\netty-reactive-streams-http.jar, C:\activator-dist-1.3.10\repository\com.typesafe.netty\netty-reactive-streams\1.0.5\jars\netty-reactive-streams.jar, C:\activator-dist-1.3.10\repository\io.netty\netty-transport-native-epoll\4.0.36.Final\jars\netty-transport-native-epoll-linux-x86_64.jar, C:\activator-dist-1.3.10\repository\io.netty\netty-common\4.0.36.Final\jars\netty-common.jar, C:\activator-dist-1.3.10\repository\io.netty\netty-buffer\4.0.36.Final\jars\netty-buffer.jar, C:\activator-dist-1.3.10\repository\io.netty\netty-transport\4.0.36.Final\jars\netty-transport.jar, C:\Users\biographie\.ivy2\cache\com.typesafe.play\play-logback_2.11\jars\play-logback_2.11-2.5.3.jar, C:\activator-dist-1.3.10\repository\ch.qos.logback\logback-core\1.1.4\jars\logback-core.jar, C:\activator-dist-1.3.10\repository\ch.qos.logback\logback-classic\1.1.4\jars\logback-classic.jar, C:\Users\biographie\.ivy2\cache\com.typesafe.play\play-jdbc_2.11\jars\play-jdbc_2.11-2.5.3.jar, C:\Users\biographie\.ivy2\cache\com.typesafe.play\play-jdbc-api_2.11\jars\play-jdbc-api_2.11-2.5.3.jar, C:\activator-dist-1.3.10\repository\com.jolbox\bonecp\0.8.0.RELEASE\bundles\bonecp.jar, C:\activator-dist-1.3.10\repository\com.zaxxer\HikariCP\2.4.3\bundles\HikariCP.jar, C:\activator-dist-1.3.10\repository\com.googlecode.usc\jdbcdslog\1.0.6.2\jars\jdbcdslog.jar, C:\activator-dist-1.3.10\repository\com.h2database\h2\1.4.191\jars\h2.jar, C:\activator-dist-1.3.10\repository\tyrex\tyrex\1.0.1\jars\tyrex.jar, C:\Users\biographie\.ivy2\cache\com.typesafe.play\play-cache_2.11\jars\play-cache_2.11-2.5.3.jar, C:\activator-dist-1.3.10\repository\net.sf.ehcache\ehcache-core\2.6.11\jars\ehcache-core.jar, C:\Users\biographie\.ivy2\cache\com.typesafe.play\play-ws_2.11\jars\play-ws_2.11-2.5.3.jar, C:\activator-dist-1.3.10\repository\com.google.guava\guava\19.0\bundles\guava.jar, C:\Users\biographie\.ivy2\cache\org.asynchttpclient\async-http-client\jars\async-http-client-2.0.2.jar, C:\activator-dist-1.3.10\repository\io.netty\netty-codec-http\4.0.36.Final\jars\netty-codec-http.jar, C:\activator-dist-1.3.10\repository\io.netty\netty-codec\4.0.36.Final\jars\netty-codec.jar, C:\activator-dist-1.3.10\repository\io.netty\netty-handler\4.0.36.Final\jars\netty-handler.jar, C:\Users\biographie\.ivy2\cache\org.asynchttpclient\netty-resolver-dns\jars\netty-resolver-dns-2.0.2.jar, C:\Users\biographie\.ivy2\cache\org.asynchttpclient\netty-resolver\jars\netty-resolver-2.0.2.jar, C:\activator-dist-1.3.10\repository\org.slf4j\slf4j-api\1.7.21\jars\slf4j-api.jar, C:\Users\biographie\.ivy2\cache\org.asynchttpclient\netty-codec-dns\jars\netty-codec-dns-2.0.2.jar, C:\activator-dist-1.3.10\repository\org.javassist\javassist\3.20.0-GA\bundles\javassist.jar, C:\Users\biographie\.ivy2\cache\oauth.signpost\signpost-core\jars\signpost-core-1.2.1.2.jar, C:\Users\biographie\.ivy2\cache\oauth.signpost\signpost-commonshttp4\jars\signpost-commonshttp4-1.2.1.2.jar, C:\activator-dist-1.3.10\repository\org.apache.httpcomponents\httpcore\4.0.1\jars\httpcore.jar, C:\activator-dist-1.3.10\repository\org.apache.httpcomponents\httpclient\4.0.1\jars\httpclient.jar, C:\Users\biographie\.ivy2\cache\commons-logging\commons-logging\jars\commons-logging-1.1.1.jar),List((public/,C:\Users\biographie\Documents\coding\distilled-feed\target\web\public\main)),List(C:\Users\biographie\.ivy2\cache\com.typesafe.play\play-omnidoc_2.11\jars\play-omnidoc_2.11-2.5.3.jar, C:\activator-dist-1.3.10\repository\org.scala-lang\scala-library\2.11.7\jars\scala-library.jar, C:\Users\biographie\.ivy2\cache\com.typesafe.play\play-docs_2.11\jars\play-docs_2.11-2.5.3.jar, C:\Users\biographie\.ivy2\cache\com.typesafe.play\play-netty-server_2.11\jars\play-netty-server_2.11-2.5.3.jar, C:\Users\biographie\.ivy2\cache\com.typesafe.play\play-server_2.11\jars\play-server_2.11-2.5.3.jar, C:\Users\biographie\.ivy2\cache\com.typesafe.play\play_2.11\jars\play_2.11-2.5.3.jar, C:\Users\biographie\.ivy2\cache\com.typesafe.play\build-link\jars\build-link-2.5.3.jar, C:\Users\biographie\.ivy2\cache\com.typesafe.play\play-exceptions\jars\play-exceptions-2.5.3.jar, C:\Users\biographie\.ivy2\cache\com.typesafe.play\play-iteratees_2.11\jars\play-iteratees_2.11-2.5.3.jar, C:\Users\biographie\.ivy2\cache\org.scala-stm\scala-stm_2.11\jars\scala-stm_2.11-0.7.jar, C:\activator-dist-1.3.10\repository\com.typesafe\config\1.3.0\bundles\config.jar, C:\Users\biographie\.ivy2\cache\com.typesafe.play\play-json_2.11\jars\play-json_2.11-2.5.3.jar, C:\Users\biographie\.ivy2\cache\com.typesafe.play\play-functional_2.11\jars\play-functional_2.11-2.5.3.jar, C:\Users\biographie\.ivy2\cache\com.typesafe.play\play-datacommons_2.11\jars\play-datacommons_2.11-2.5.3.jar, C:\activator-dist-1.3.10\repository\joda-time\joda-time\2.9.2\jars\joda-time.jar, C:\activator-dist-1.3.10\repository\org.joda\joda-convert\1.8.1\jars\joda-convert.jar, C:\activator-dist-1.3.10\repository\org.scala-lang\scala-reflect\2.11.7\jars\scala-reflect.jar, C:\activator-dist-1.3.10\repository\com.fasterxml.jackson.core\jackson-core\2.7.1\bundles\jackson-core.jar, C:\activator-dist-1.3.10\repository\com.fasterxml.jackson.core\jackson-annotations\2.7.1\bundles\jackson-annotations.jar, C:\activator-dist-1.3.10\repository\com.fasterxml.jackson.core\jackson-databind\2.7.1\bundles\jackson-databind.jar, C:\activator-dist-1.3.10\repository\com.fasterxml.jackson.datatype\jackson-datatype-jdk8\2.7.1\bundles\jackson-datatype-jdk8.jar, C:\activator-dist-1.3.10\repository\com.fasterxml.jackson.datatype\jackson-datatype-jsr310\2.7.1\bundles\jackson-datatype-jsr310.jar, C:\Users\biographie\.ivy2\cache\com.typesafe.play\play-netty-utils\jars\play-netty-utils-2.5.3.jar, C:\activator-dist-1.3.10\repository\org.slf4j\slf4j-api\1.7.16\jars\slf4j-api.jar, C:\activator-dist-1.3.10\repository\org.slf4j\jul-to-slf4j\1.7.16\jars\jul-to-slf4j.jar, C:\activator-dist-1.3.10\repository\org.slf4j\jcl-over-slf4j\1.7.16\jars\jcl-over-slf4j.jar, C:\Users\biographie\.ivy2\cache\com.typesafe.play\play-streams_2.11\jars\play-streams_2.11-2.5.3.jar, C:\activator-dist-1.3.10\repository\org.reactivestreams\reactive-streams\1.0.0\jars\reactive-streams.jar, C:\Users\biographie\.ivy2\cache\com.typesafe.akka\akka-stream_2.11\jars\akka-stream_2.11-2.4.4.jar, C:\Users\biographie\.ivy2\cache\com.typesafe.akka\akka-actor_2.11\jars\akka-actor_2.11-2.4.4.jar, C:\activator-dist-1.3.10\repository\org.scala-lang.modules\scala-java8-compat_2.11\0.7.0\bundles\scala-java8-compat_2.11.jar, C:\Users\biographie\.ivy2\cache\com.typesafe\ssl-config-akka_2.11\bundles\ssl-config-akka_2.11-0.2.1.jar, C:\Users\biographie\.ivy2\cache\com.typesafe\ssl-config-core_2.11\bundles\ssl-config-core_2.11-0.2.1.jar, C:\Users\biographie\.ivy2\cache\org.scala-lang.modules\scala-parser-combinators_2.11\bundles\scala-parser-combinators_2.11-1.0.4.jar, C:\activator-dist-1.3.10\repository\com.typesafe.play\twirl-api_2.11\1.1.1\jars\twirl-api_2.11.jar, C:\activator-dist-1.3.10\repository\org.apache.commons\commons-lang3\3.4\jars\commons-lang3.jar, C:\Users\biographie\.ivy2\cache\org.scala-lang.modules\scala-xml_2.11\bundles\scala-xml_2.11-1.0.1.jar, C:\Users\biographie\.ivy2\cache\com.typesafe.akka\akka-slf4j_2.11\jars\akka-slf4j_2.11-2.4.4.jar, C:\activator-dist-1.3.10\repository\commons-codec\commons-codec\1.10\jars\commons-codec.jar, C:\Users\biographie\.ivy2\cache\xerces\xercesImpl\jars\xercesImpl-2.11.0.jar, C:\Users\biographie\.ivy2\cache\xml-apis\xml-apis\jars\xml-apis-1.4.01.jar, C:\Users\biographie\.ivy2\cache\javax.transaction\jta\jars\jta-1.1.jar, C:\activator-dist-1.3.10\repository\com.google.inject\guice\4.0\jars\guice.jar, C:\activator-dist-1.3.10\repository\javax.inject\javax.inject\1\jars\javax.inject.jar, C:\activator-dist-1.3.10\repository\aopalliance\aopalliance\1.0\jars\aopalliance.jar, C:\Users\biographie\.ivy2\cache\com.google.guava\guava\bundles\guava-16.0.1.jar, C:\activator-dist-1.3.10\repository\com.google.inject.extensions\guice-assistedinject\4.0\jars\guice-assistedinject.jar, C:\activator-dist-1.3.10\repository\com.typesafe.netty\netty-reactive-streams-http\1.0.5\jars\netty-reactive-streams-http.jar, C:\activator-dist-1.3.10\repository\com.typesafe.netty\netty-reactive-streams\1.0.5\jars\netty-reactive-streams.jar, C:\activator-dist-1.3.10\repository\io.netty\netty-handler\4.0.34.Final\jars\netty-handler.jar, C:\activator-dist-1.3.10\repository\io.netty\netty-codec\4.0.34.Final\jars\netty-codec.jar, C:\activator-dist-1.3.10\repository\io.netty\netty-codec-http\4.0.34.Final\jars\netty-codec-http.jar, C:\activator-dist-1.3.10\repository\io.netty\netty-transport-native-epoll\4.0.36.Final\jars\netty-transport-native-epoll-linux-x86_64.jar, C:\activator-dist-1.3.10\repository\io.netty\netty-common\4.0.36.Final\jars\netty-common.jar, C:\activator-dist-1.3.10\repository\io.netty\netty-buffer\4.0.36.Final\jars\netty-buffer.jar, C:\activator-dist-1.3.10\repository\io.netty\netty-transport\4.0.36.Final\jars\netty-transport.jar, C:\activator-dist-1.3.10\repository\com.typesafe.play\play-doc_2.11\1.2.2\jars\play-doc_2.11.jar, C:\activator-dist-1.3.10\repository\org.pegdown\pegdown\1.4.0\jars\pegdown.jar, C:\activator-dist-1.3.10\repository\org.parboiled\parboiled-java\1.1.5\bundles\parboiled-java.jar, C:\activator-dist-1.3.10\repository\org.parboiled\parboiled-core\1.1.5\bundles\parboiled-core.jar, C:\activator-dist-1.3.10\repository\org.ow2.asm\asm\4.1\jars\asm.jar, C:\activator-dist-1.3.10\repository\org.ow2.asm\asm-tree\4.1\jars\asm-tree.jar, C:\activator-dist-1.3.10\repository\org.ow2.asm\asm-analysis\4.1\jars\asm-analysis.jar, C:\activator-dist-1.3.10\repository\org.ow2.asm\asm-util\4.1\jars\asm-util.jar, C:\activator-dist-1.3.10\repository\commons-io\commons-io\2.4\jars\commons-io.jar),Some(C:\Users\biographie\.ivy2\cache\com.typesafe.play\play-omnidoc_2.11\jars\play-omnidoc_2.11-2.5.3.jar),List(),9000,0.0.0.0,DefaultWatchService,List(C:\Users\biographie\Documents\coding\distilled-feed\public, C:\Users\biographie\Documents\coding\distilled-feed\conf, C:\Users\biographie\Documents\coding\distilled-feed\app),C:\Users\biographie\Documents\coding\distilled-feed\target,500,root/playForkNotifyStart,root/playForkReload,300000,play.core.server.DevServerStart),scala.pickling.PicklerUnpickler$DelegatingPicklerUnpickler@7470c7ee),ForkConfig(C:\Users\biographie\Documents\coding\distilled-feed,List(-Djna.nosys=true),List(C:\activator-dist-1.3.10\repository\org.scala-lang\scala-library\2.11.7\jars\scala-library.jar, C:\activator-dist-1.3.10\repository\com.typesafe.play\twirl-api_2.11\1.1.1\jars\twirl-api_2.11.jar, C:\activator-dist-1.3.10\repository\org.apache.commons\commons-lang3\3.4\jars\commons-lang3.jar, C:\Users\biographie\.ivy2\cache\org.scala-lang.modules\scala-xml_2.11\bundles\scala-xml_2.11-1.0.1.jar, C:\Users\biographie\.ivy2\cache\com.typesafe.play\play-server_2.11\jars\play-server_2.11-2.5.3.jar, C:\Users\biographie\.ivy2\cache\com.typesafe.play\play_2.11\jars\play_2.11-2.5.3.jar, C:\Users\biographie\.ivy2\cache\com.typesafe.play\build-link\jars\build-link-2.5.3.jar, C:\Users\biographie\.ivy2\cache\com.typesafe.play\play-exceptions\jars\play-exceptions-2.5.3.jar, C:\Users\biographie\.ivy2\cache\com.typesafe.play\play-iteratees_2.11\jars\play-iteratees_2.11-2.5.3.jar, C:\Users\biographie\.ivy2\cache\org.scala-stm\scala-stm_2.11\jars\scala-stm_2.11-0.7.jar, C:\activator-dist-1.3.10\repository\com.typesafe\config\1.3.0\bundles\config.jar, C:\Users\biographie\.ivy2\cache\com.typesafe.play\play-json_2.11\jars\play-json_2.11-2.5.3.jar, C:\Users\biographie\.ivy2\cache\com.typesafe.play\play-functional_2.11\jars\play-functional_2.11-2.5.3.jar, C:\Users\biographie\.ivy2\cache\com.typesafe.play\play-datacommons_2.11\jars\play-datacommons_2.11-2.5.3.jar, C:\activator-dist-1.3.10\repository\joda-time\joda-time\2.9.2\jars\joda-time.jar, C:\activator-dist-1.3.10\repository\org.joda\joda-convert\1.8.1\jars\joda-convert.jar, C:\activator-dist-1.3.10\repository\org.scala-lang\scala-reflect\2.11.7\jars\scala-reflect.jar, C:\activator-dist-1.3.10\repository\com.fasterxml.jackson.core\jackson-core\2.7.1\bundles\jackson-core.jar, C:\activator-dist-1.3.10\repository\com.fasterxml.jackson.core\jackson-annotations\2.7.1\bundles\jackson-annotations.jar, C:\activator-dist-1.3.10\repository\com.fasterxml.jackson.core\jackson-databind\2.7.1\bundles\jackson-databind.jar, C:\activator-dist-1.3.10\repository\com.fasterxml.jackson.datatype\jackson-datatype-jdk8\2.7.1\bundles\jackson-datatype-jdk8.jar, C:\activator-dist-1.3.10\repository\com.fasterxml.jackson.datatype\jackson-datatype-jsr310\2.7.1\bundles\jackson-datatype-jsr310.jar, C:\Users\biographie\.ivy2\cache\com.typesafe.play\play-netty-utils\jars\play-netty-utils-2.5.3.jar, C:\activator-dist-1.3.10\repository\org.slf4j\jul-to-slf4j\1.7.16\jars\jul-to-slf4j.jar, C:\activator-dist-1.3.10\repository\org.slf4j\jcl-over-slf4j\1.7.16\jars\jcl-over-slf4j.jar, C:\Users\biographie\.ivy2\cache\com.typesafe.play\play-streams_2.11\jars\play-streams_2.11-2.5.3.jar, C:\activator-dist-1.3.10\repository\org.reactivestreams\reactive-streams\1.0.0\jars\reactive-streams.jar, C:\Users\biographie\.ivy2\cache\com.typesafe.akka\akka-stream_2.11\jars\akka-stream_2.11-2.4.4.jar, C:\Users\biographie\.ivy2\cache\com.typesafe.akka\akka-actor_2.11\jars\akka-actor_2.11-2.4.4.jar, C:\activator-dist-1.3.10\repository\org.scala-lang.modules\scala-java8-compat_2.11\0.7.0\bundles\scala-java8-compat_2.11.jar, C:\Users\biographie\.ivy2\cache\com.typesafe\ssl-config-akka_2.11\bundles\ssl-config-akka_2.11-0.2.1.jar, C:\Users\biographie\.ivy2\cache\com.typesafe\ssl-config-core_2.11\bundles\ssl-config-core_2.11-0.2.1.jar, C:\Users\biographie\.ivy2\cache\org.scala-lang.modules\scala-parser-combinators_2.11\bundles\scala-parser-combinators_2.11-1.0.4.jar, C:\Users\biographie\.ivy2\cache\com.typesafe.akka\akka-slf4j_2.11\jars\akka-slf4j_2.11-2.4.4.jar, C:\activator-dist-1.3.10\repository\commons-codec\commons-codec\1.10\jars\commons-codec.jar, C:\Users\biographie\.ivy2\cache\xerces\xercesImpl\jars\xercesImpl-2.11.0.jar, C:\Users\biographie\.ivy2\cache\xml-apis\xml-apis\jars\xml-apis-1.4.01.jar, C:\Users\biographie\.ivy2\cache\javax.transaction\jta\jars\jta-1.1.jar, C:\activator-dist-1.3.10\repository\com.google.inject\guice\4.0\jars\guice.jar, C:\activator-dist-1.3.10\repository\javax.inject\javax.inject\1\jars\javax.inject.jar, C:\activator-dist-1.3.10\repository\aopalliance\aopalliance\1.0\jars\aopalliance.jar, C:\activator-dist-1.3.10\repository\com.google.inject.extensions\guice-assistedinject\4.0\jars\guice-assistedinject.jar, C:\Users\biographie\.ivy2\cache\com.typesafe.play\play-netty-server_2.11\jars\play-netty-server_2.11-2.5.3.jar, C:\activator-dist-1.3.10\repository\com.typesafe.netty\netty-reactive-streams-http\1.0.5\jars\netty-reactive-streams-http.jar, C:\activator-dist-1.3.10\repository\com.typesafe.netty\netty-reactive-streams\1.0.5\jars\netty-reactive-streams.jar, C:\activator-dist-1.3.10\repository\io.netty\netty-transport-native-epoll\4.0.36.Final\jars\netty-transport-native-epoll-linux-x86_64.jar, C:\activator-dist-1.3.10\repository\io.netty\netty-common\4.0.36.Final\jars\netty-common.jar, C:\activator-dist-1.3.10\repository\io.netty\netty-buffer\4.0.36.Final\jars\netty-buffer.jar, C:\activator-dist-1.3.10\repository\io.netty\netty-transport\4.0.36.Final\jars\netty-transport.jar, C:\Users\biographie\.ivy2\cache\com.typesafe.play\play-logback_2.11\jars\play-logback_2.11-2.5.3.jar, C:\activator-dist-1.3.10\repository\ch.qos.logback\logback-core\1.1.4\jars\logback-core.jar, C:\activator-dist-1.3.10\repository\ch.qos.logback\logback-classic\1.1.4\jars\logback-classic.jar, C:\Users\biographie\.ivy2\cache\com.typesafe.play\play-jdbc_2.11\jars\play-jdbc_2.11-2.5.3.jar, C:\Users\biographie\.ivy2\cache\com.typesafe.play\play-jdbc-api_2.11\jars\play-jdbc-api_2.11-2.5.3.jar, C:\activator-dist-1.3.10\repository\com.jolbox\bonecp\0.8.0.RELEASE\bundles\bonecp.jar, C:\activator-dist-1.3.10\repository\com.zaxxer\HikariCP\2.4.3\bundles\HikariCP.jar, C:\activator-dist-1.3.10\repository\com.googlecode.usc\jdbcdslog\1.0.6.2\jars\jdbcdslog.jar, C:\activator-dist-1.3.10\repository\com.h2database\h2\1.4.191\jars\h2.jar, C:\activator-dist-1.3.10\repository\tyrex\tyrex\1.0.1\jars\tyrex.jar, C:\Users\biographie\.ivy2\cache\com.typesafe.play\play-cache_2.11\jars\play-cache_2.11-2.5.3.jar, C:\activator-dist-1.3.10\repository\net.sf.ehcache\ehcache-core\2.6.11\jars\ehcache-core.jar, C:\Users\biographie\.ivy2\cache\com.typesafe.play\play-ws_2.11\jars\play-ws_2.11-2.5.3.jar, C:\activator-dist-1.3.10\repository\com.google.guava\guava\19.0\bundles\guava.jar, C:\Users\biographie\.ivy2\cache\org.asynchttpclient\async-http-client\jars\async-http-client-2.0.2.jar, C:\activator-dist-1.3.10\repository\io.netty\netty-codec-http\4.0.36.Final\jars\netty-codec-http.jar, C:\activator-dist-1.3.10\repository\io.netty\netty-codec\4.0.36.Final\jars\netty-codec.jar, C:\activator-dist-1.3.10\repository\io.netty\netty-handler\4.0.36.Final\jars\netty-handler.jar, C:\Users\biographie\.ivy2\cache\org.asynchttpclient\netty-resolver-dns\jars\netty-resolver-dns-2.0.2.jar, C:\Users\biographie\.ivy2\cache\org.asynchttpclient\netty-resolver\jars\netty-resolver-2.0.2.jar, C:\activator-dist-1.3.10\repository\org.slf4j\slf4j-api\1.7.21\jars\slf4j-api.jar, C:\Users\biographie\.ivy2\cache\org.asynchttpclient\netty-codec-dns\jars\netty-codec-dns-2.0.2.jar, C:\activator-dist-1.3.10\repository\org.javassist\javassist\3.20.0-GA\bundles\javassist.jar, C:\Users\biographie\.ivy2\cache\oauth.signpost\signpost-core\jars\signpost-core-1.2.1.2.jar, C:\Users\biographie\.ivy2\cache\oauth.signpost\signpost-commonshttp4\jars\signpost-commonshttp4-1.2.1.2.jar, C:\activator-dist-1.3.10\repository\org.apache.httpcomponents\httpcore\4.0.1\jars\httpcore.jar, C:\activator-dist-1.3.10\repository\org.apache.httpcomponents\httpclient\4.0.1\jars\httpclient.jar, C:\Users\biographie\.ivy2\cache\commons-logging\commons-logging\jars\commons-logging-1.1.1.jar),List((public/,C:\Users\biographie\Documents\coding\distilled-feed\target\web\public\main)),List(C:\Users\biographie\.ivy2\cache\com.typesafe.play\play-omnidoc_2.11\jars\play-omnidoc_2.11-2.5.3.jar, C:\activator-dist-1.3.10\repository\org.scala-lang\scala-library\2.11.7\jars\scala-library.jar, C:\Users\biographie\.ivy2\cache\com.typesafe.play\play-docs_2.11\jars\play-docs_2.11-2.5.3.jar, C:\Users\biographie\.ivy2\cache\com.typesafe.play\play-netty-server_2.11\jars\play-netty-server_2.11-2.5.3.jar, C:\Users\biographie\.ivy2\cache\com.typesafe.play\play-server_2.11\jars\play-server_2.11-2.5.3.jar, C:\Users\biographie\.ivy2\cache\com.typesafe.play\play_2.11\jars\play_2.11-2.5.3.jar, C:\Users\biographie\.ivy2\cache\com.typesafe.play\build-link\jars\build-link-2.5.3.jar, C:\Users\biographie\.ivy2\cache\com.typesafe.play\play-exceptions\jars\play-exceptions-2.5.3.jar, C:\Users\biographie\.ivy2\cache\com.typesafe.play\play-iteratees_2.11\jars\play-iteratees_2.11-2.5.3.jar, C:\Users\biographie\.ivy2\cache\org.scala-stm\scala-stm_2.11\jars\scala-stm_2.11-0.7.jar, C:\activator-dist-1.3.10\repository\com.typesafe\config\1.3.0\bundles\config.jar, C:\Users\biographie\.ivy2\cache\com.typesafe.play\play-json_2.11\jars\play-json_2.11-2.5.3.jar, C:\Users\biographie\.ivy2\cache\com.typesafe.play\play-functional_2.11\jars\play-functional_2.11-2.5.3.jar, C:\Users\biographie\.ivy2\cache\com.typesafe.play\play-datacommons_2.11\jars\play-datacommons_2.11-2.5.3.jar, C:\activator-dist-1.3.10\repository\joda-time\joda-time\2.9.2\jars\joda-time.jar, C:\activator-dist-1.3.10\repository\org.joda\joda-convert\1.8.1\jars\joda-convert.jar, C:\activator-dist-1.3.10\repository\org.scala-lang\scala-reflect\2.11.7\jars\scala-reflect.jar, C:\activator-dist-1.3.10\repository\com.fasterxml.jackson.core\jackson-core\2.7.1\bundles\jackson-core.jar, C:\activator-dist-1.3.10\repository\com.fasterxml.jackson.core\jackson-annotations\2.7.1\bundles\jackson-annotations.jar, C:\activator-dist-1.3.10\repository\com.fasterxml.jackson.core\jackson-databind\2.7.1\bundles\jackson-databind.jar, C:\activator-dist-1.3.10\repository\com.fasterxml.jackson.datatype\jackson-datatype-jdk8\2.7.1\bundles\jackson-datatype-jdk8.jar, C:\activator-dist-1.3.10\repository\com.fasterxml.jackson.datatype\jackson-datatype-jsr310\2.7.1\bundles\jackson-datatype-jsr310.jar, C:\Users\biographie\.ivy2\cache\com.typesafe.play\play-netty-utils\jars\play-netty-utils-2.5.3.jar, C:\activator-dist-1.3.10\repository\org.slf4j\slf4j-api\1.7.16\jars\slf4j-api.jar, C:\activator-dist-1.3.10\repository\org.slf4j\jul-to-slf4j\1.7.16\jars\jul-to-slf4j.jar, C:\activator-dist-1.3.10\repository\org.slf4j\jcl-over-slf4j\1.7.16\jars\jcl-over-slf4j.jar, C:\Users\biographie\.ivy2\cache\com.typesafe.play\play-streams_2.11\jars\play-streams_2.11-2.5.3.jar, C:\activator-dist-1.3.10\repository\org.reactivestreams\reactive-streams\1.0.0\jars\reactive-streams.jar, C:\Users\biographie\.ivy2\cache\com.typesafe.akka\akka-stream_2.11\jars\akka-stream_2.11-2.4.4.jar, C:\Users\biographie\.ivy2\cache\com.typesafe.akka\akka-actor_2.11\jars\akka-actor_2.11-2.4.4.jar, C:\activator-dist-1.3.10\repository\org.scala-lang.modules\scala-java8-compat_2.11\0.7.0\bundles\scala-java8-compat_2.11.jar, C:\Users\biographie\.ivy2\cache\com.typesafe\ssl-config-akka_2.11\bundles\ssl-config-akka_2.11-0.2.1.jar, C:\Users\biographie\.ivy2\cache\com.typesafe\ssl-config-core_2.11\bundles\ssl-config-core_2.11-0.2.1.jar, C:\Users\biographie\.ivy2\cache\org.scala-lang.modules\scala-parser-combinators_2.11\bundles\scala-parser-combinators_2.11-1.0.4.jar, C:\activator-dist-1.3.10\repository\com.typesafe.play\twirl-api_2.11\1.1.1\jars\twirl-api_2.11.jar, C:\activator-dist-1.3.10\repository\org.apache.commons\commons-lang3\3.4\jars\commons-lang3.jar, C:\Users\biographie\.ivy2\cache\org.scala-lang.modules\scala-xml_2.11\bundles\scala-xml_2.11-1.0.1.jar, C:\Users\biographie\.ivy2\cache\com.typesafe.akka\akka-slf4j_2.11\jars\akka-slf4j_2.11-2.4.4.jar, C:\activator-dist-1.3.10\repository\commons-codec\commons-codec\1.10\jars\commons-codec.jar, C:\Users\biographie\.ivy2\cache\xerces\xercesImpl\jars\xercesImpl-2.11.0.jar, C:\Users\biographie\.ivy2\cache\xml-apis\xml-apis\jars\xml-apis-1.4.01.jar, C:\Users\biographie\.ivy2\cache\javax.transaction\jta\jars\jta-1.1.jar, C:\activator-dist-1.3.10\repository\com.google.inject\guice\4.0\jars\guice.jar, C:\activator-dist-1.3.10\repository\javax.inject\javax.inject\1\jars\javax.inject.jar, C:\activator-dist-1.3.10\repository\aopalliance\aopalliance\1.0\jars\aopalliance.jar, C:\Users\biographie\.ivy2\cache\com.google.guava\guava\bundles\guava-16.0.1.jar, C:\activator-dist-1.3.10\repository\com.google.inject.extensions\guice-assistedinject\4.0\jars\guice-assistedinject.jar, C:\activator-dist-1.3.10\repository\com.typesafe.netty\netty-reactive-streams-http\1.0.5\jars\netty-reactive-streams-http.jar, C:\activator-dist-1.3.10\repository\com.typesafe.netty\netty-reactive-streams\1.0.5\jars\netty-reactive-streams.jar, C:\activator-dist-1.3.10\repository\io.netty\netty-handler\4.0.34.Final\jars\netty-handler.jar, C:\activator-dist-1.3.10\repository\io.netty\netty-codec\4.0.34.Final\jars\netty-codec.jar, C:\activator-dist-1.3.10\repository\io.netty\netty-codec-http\4.0.34.Final\jars\netty-codec-http.jar, C:\activator-dist-1.3.10\repository\io.netty\netty-transport-native-epoll\4.0.36.Final\jars\netty-transport-native-epoll-linux-x86_64.jar, C:\activator-dist-1.3.10\repository\io.netty\netty-common\4.0.36.Final\jars\netty-common.jar, C:\activator-dist-1.3.10\repository\io.netty\netty-buffer\4.0.36.Final\jars\netty-buffer.jar, C:\activator-dist-1.3.10\repository\io.netty\netty-transport\4.0.36.Final\jars\netty-transport.jar, C:\activator-dist-1.3.10\repository\com.typesafe.play\play-doc_2.11\1.2.2\jars\play-doc_2.11.jar, C:\activator-dist-1.3.10\repository\org.pegdown\pegdown\1.4.0\jars\pegdown.jar, C:\activator-dist-1.3.10\repository\org.parboiled\parboiled-java\1.1.5\bundles\parboiled-java.jar, C:\activator-dist-1.3.10\repository\org.parboiled\parboiled-core\1.1.5\bundles\parboiled-core.jar, C:\activator-dist-1.3.10\repository\org.ow2.asm\asm\4.1\jars\asm.jar, C:\activator-dist-1.3.10\repository\org.ow2.asm\asm-tree\4.1\jars\asm-tree.jar, C:\activator-dist-1.3.10\repository\org.ow2.asm\asm-analysis\4.1\jars\asm-analysis.jar, C:\activator-dist-1.3.10\repository\org.ow2.asm\asm-util\4.1\jars\asm-util.jar, C:\activator-dist-1.3.10\repository\commons-io\commons-io\2.4\jars\commons-io.jar),Some(C:\Users\biographie\.ivy2\cache\com.typesafe.play\play-omnidoc_2.11\jars\play-omnidoc_2.11-2.5.3.jar),List(),9000,0.0.0.0,DefaultWatchService,List(C:\Users\biographie\Documents\coding\distilled-feed\public, C:\Users\biographie\Documents\coding\distilled-feed\conf, C:\Users\biographie\Documents\coding\distilled-feed\app),C:\Users\biographie\Documents\coding\distilled-feed\target,500,root/playForkNotifyStart,root/playForkReload,300000,play.core.server.DevServerStart))))
Sending msg to client play-fork-run-2a2fdb9d-bd47-4fc0-b763-805b96dabf03: TaskStarted(6,303,None)
Sending msg to client play-fork-run-2a2fdb9d-bd47-4fc0-b763-805b96dabf03: TaskFinished(6,303,None,true,None)
Sending msg to client play-fork-run-2a2fdb9d-bd47-4fc0-b763-805b96dabf03: TaskStarted(6,302,None)
Sending msg to client play-fork-run-2a2fdb9d-bd47-4fc0-b763-805b96dabf03: TaskFinished(6,302,None,true,None)
Sending msg to client play-fork-run-2a2fdb9d-bd47-4fc0-b763-805b96dabf03: DetachedLogEvent(LogMessage(debug,cancel strategy finish enabled=false lastCommand=Some(LastCommand(CommandExecutionWork(ExecutionId(6),{file:/C:/Users/biographie/Documents/coding/distilled-feed/}root/*:playForkConfig,Set(LiveClient(play-fork-run 2a2fdb9d-bd47-4fc0-b763-805b96dabf03)),sbt.server.WorkCancellationStatus$$anon$1@7ce9dea2)))))
Sending msg to client play-fork-run-2a2fdb9d-bd47-4fc0-b763-805b96dabf03: DetachedLogEvent(LogSuccess(Total time: 0 s, completed May 8, 2016 9:32:39 PM))
Sending msg to client play-fork-run-2a2fdb9d-bd47-4fc0-b763-805b96dabf03: DetachedLogEvent(LogMessage(debug,> server-post-command-cleanup))
Sending msg to client play-fork-run-2a2fdb9d-bd47-4fc0-b763-805b96dabf03: ExecutionSuccess(6)
Sending msg to client play-fork-run-2a2fdb9d-bd47-4fc0-b763-805b96dabf03: DetachedLogEvent(LogMessage(debug,> server-handle-next-server-request))
Sending msg to client play-fork-run-2a2fdb9d-bd47-4fc0-b763-805b96dabf03: BackgroundJobLogEvent(1,LogMessage(info,))
Sending msg to client play-fork-run-2a2fdb9d-bd47-4fc0-b763-805b96dabf03: BackgroundJobLogEvent(1,LogMessage(info,--- (Running the application, auto-reloading is enabled) ---))
Sending msg to client play-fork-run-2a2fdb9d-bd47-4fc0-b763-805b96dabf03: BackgroundJobLogEvent(1,LogMessage(info,))
Sending msg to client play-fork-run-2a2fdb9d-bd47-4fc0-b763-805b96dabf03: BackgroundJobLogEvent(1,LogMessage(info,p.c.s.NettyServer - Listening for HTTP on /0:0:0:0:0:0:0:0:9000))
Sending msg to client play-fork-run-2a2fdb9d-bd47-4fc0-b763-805b96dabf03: BackgroundJobLogEvent(1,LogMessage(info,))
Sending msg to client play-fork-run-2a2fdb9d-bd47-4fc0-b763-805b96dabf03: BackgroundJobLogEvent(1,LogMessage(info,(Server started, use Ctrl+D to stop and go back to the console...)))
Sending msg to client play-fork-run-2a2fdb9d-bd47-4fc0-b763-805b96dabf03: BackgroundJobLogEvent(1,LogMessage(info,))
Got request: ExecutionRequest(root/playForkNotifyStart http://localhost:9000)
Reading next message from client.
Sending msg to client play-fork-run-2a2fdb9d-bd47-4fc0-b763-805b96dabf03: (8,ExecutionRequestReceived(7))
Sending msg to client play-fork-run-2a2fdb9d-bd47-4fc0-b763-805b96dabf03: ExecutionWaiting(7,root/playForkNotifyStart http://localhost:9000,ClientInfo(2a2fdb9d-bd47-4fc0-b763-805b96dabf03,play-fork-run,Play Fork Run,1,Vector()))
Sending msg to client play-fork-run-2a2fdb9d-bd47-4fc0-b763-805b96dabf03: ExecutionStarting(7)
Sending msg to client play-fork-run-2a2fdb9d-bd47-4fc0-b763-805b96dabf03: DetachedLogEvent(LogMessage(debug,> root/playForkNotifyStart http://localhost:9000))
Sending msg to client play-fork-run-2a2fdb9d-bd47-4fc0-b763-805b96dabf03: DetachedLogEvent(LogMessage(debug,Evaluating tasks: *:playForkNotifyStart))
Sending msg to client play-fork-run-2a2fdb9d-bd47-4fc0-b763-805b96dabf03: DetachedLogEvent(LogMessage(debug,Running task... Cancel: sbt.server.ServerTaskCancellation@60f565f4, check cycles: false))
Sending msg to client play-fork-run-2a2fdb9d-bd47-4fc0-b763-805b96dabf03: DetachedLogEvent(LogMessage(debug,cancel strategy start enabled=true lastCommand=Some(LastCommand(CommandExecutionWork(ExecutionId(7),root/playForkNotifyStart http://localhost:9000,Set(LiveClient(play-fork-run 2a2fdb9d-bd47-4fc0-b763-805b96dabf03)),sbt.server.WorkCancellationStatus$$anon$1@6b82dc1a)))))
Sending msg to client play-fork-run-2a2fdb9d-bd47-4fc0-b763-805b96dabf03: TaskStarted(7,382,Some(AttributeKey[sbt.SendEventService]("sendEventService") in Scope(Global)))
Sending msg to client play-fork-run-2a2fdb9d-bd47-4fc0-b763-805b96dabf03: TaskFinished(7,382,Some(AttributeKey[sbt.SendEventService]("sendEventService") in Scope(Global)),true,None)
Sending msg to client play-fork-run-2a2fdb9d-bd47-4fc0-b763-805b96dabf03: TaskStarted(7,381,Some(AttributeKey[scala.Function1[java.lang.String,void]]("playForkStarted") in Scope(Build: file:/C:/Users/biographie/Documents/coding/distilled-feed/, , Project: ProjectReference(file:/C:/Users/biographie/Documents/coding/distilled-feed/,root))))
Sending msg to client play-fork-run-2a2fdb9d-bd47-4fc0-b763-805b96dabf03: TaskFinished(7,381,Some(AttributeKey[scala.Function1[java.lang.String,void]]("playForkStarted") in Scope(Build: file:/C:/Users/biographie/Documents/coding/distilled-feed/, , Project: ProjectReference(file:/C:/Users/biographie/Documents/coding/distilled-feed/,root))),true,None)
Sending msg to client play-fork-run-2a2fdb9d-bd47-4fc0-b763-805b96dabf03: TaskStarted(7,380,Some(AttributeKey[void]("playForkNotifyStart") in Scope(Build: file:/C:/Users/biographie/Documents/coding/distilled-feed/, , Project: ProjectReference(file:/C:/Users/biographie/Documents/coding/distilled-feed/,root))))
Sending msg to client play-fork-run-2a2fdb9d-bd47-4fc0-b763-805b96dabf03: TaskEvent(380,LazyValue(PlayServerStarted(http://localhost:9000),play.forkrun.protocol.Serializers$PlayForkrunProtocolPlayServerStartedPickler1$2$@636263ca))
Sending msg to client play-fork-run-2a2fdb9d-bd47-4fc0-b763-805b96dabf03: TaskFinished(7,380,Some(AttributeKey[void]("playForkNotifyStart") in Scope(Build: file:/C:/Users/biographie/Documents/coding/distilled-feed/, , Project: ProjectReference(file:/C:/Users/biographie/Documents/coding/distilled-feed/,root))),true,None)
Sending msg to client play-fork-run-2a2fdb9d-bd47-4fc0-b763-805b96dabf03: TaskStarted(7,379,None)
Sending msg to client play-fork-run-2a2fdb9d-bd47-4fc0-b763-805b96dabf03: TaskFinished(7,379,None,true,None)
Sending msg to client play-fork-run-2a2fdb9d-bd47-4fc0-b763-805b96dabf03: TaskStarted(7,378,None)
Sending msg to client play-fork-run-2a2fdb9d-bd47-4fc0-b763-805b96dabf03: TaskFinished(7,378,None,true,None)
Sending msg to client play-fork-run-2a2fdb9d-bd47-4fc0-b763-805b96dabf03: DetachedLogEvent(LogMessage(debug,cancel strategy finish enabled=false lastCommand=Some(LastCommand(CommandExecutionWork(ExecutionId(7),root/playForkNotifyStart http://localhost:9000,Set(LiveClient(play-fork-run 2a2fdb9d-bd47-4fc0-b763-805b96dabf03)),sbt.server.WorkCancellationStatus$$anon$1@6b82dc1a)))))
Sending msg to client play-fork-run-2a2fdb9d-bd47-4fc0-b763-805b96dabf03: DetachedLogEvent(LogSuccess(Total time: 0 s, completed May 8, 2016 9:32:40 PM))
Sending msg to client play-fork-run-2a2fdb9d-bd47-4fc0-b763-805b96dabf03: DetachedLogEvent(LogMessage(debug,> server-post-command-cleanup))
Sending msg to client play-fork-run-2a2fdb9d-bd47-4fc0-b763-805b96dabf03: ExecutionSuccess(7)
Sending msg to client play-fork-run-2a2fdb9d-bd47-4fc0-b763-805b96dabf03: DetachedLogEvent(LogMessage(debug,> server-handle-next-server-request))
